2023-03-24 10:48:47 [main] INFO  c.tasc.blogging.BloggingApplication - Starting BloggingApplication using Java 11.0.17 on nghiahas-MacBook-Pro.local with PID 48457 (/Users/nghiaha/Documents/Api/blogging/build/classes/java/main started by nghiaha in /Users/nghiaha/Documents/Api/blogging)
2023-03-24 10:48:47 [main] INFO  c.tasc.blogging.BloggingApplication - No active profile set, falling back to 1 default profile: "default"
2023-03-24 10:48:49 [main] INFO  com.tasc.blogging.aop.LoggingAspect - Entering passwordEncoder
2023-03-24 10:48:49 [main] INFO  com.tasc.blogging.aop.LoggingAspect - Result of passwordEncoder is: org.springframework.security.crypto.bcrypt.BCryptPasswordEncoder@6c399d4
2023-03-24 10:48:49 [main] INFO  com.tasc.blogging.aop.LoggingAspect - Exiting passwordEncoder
2023-03-24 10:48:49 [main] INFO  c.tasc.blogging.BloggingApplication - Started BloggingApplication in 3.017 seconds (JVM running for 3.633)
2023-03-24 10:48:58 [http-nio-8080-exec-2] INFO  c.tasc.blogging.service.UserService - 1 - Login request: LoginRequest(email=hacodern@gmail.com, password=123)
2023-03-24 10:48:58 [http-nio-8080-exec-2] INFO  c.tasc.blogging.service.UserService - 1.1 - Validate login request username: hacodern@gmail.com
2023-03-24 10:48:58 [http-nio-8080-exec-2] INFO  c.tasc.blogging.service.UserService - 1.2 - Validate login request password: 123
2023-03-24 10:48:58 [http-nio-8080-exec-2] INFO  c.tasc.blogging.service.UserService - 2 - Find user by email: hacodern@gmail.com
2023-03-24 10:48:58 [http-nio-8080-exec-2] INFO  c.tasc.blogging.service.UserService - 2.1 - Check user is empty or not
2023-03-24 10:48:58 [http-nio-8080-exec-2] INFO  c.tasc.blogging.service.UserService - 3 - Check password
2023-03-24 10:48:58 [http-nio-8080-exec-2] INFO  c.tasc.blogging.service.UserService - 4 - Generate credential
2023-03-24 10:49:10 [http-nio-8080-exec-3] INFO  c.tasc.blogging.service.UserService - 1 - Login request: LoginRequest(email=hacodern@gmail.com, password=123)
2023-03-24 10:49:10 [http-nio-8080-exec-3] INFO  c.tasc.blogging.service.UserService - 1.1 - Validate login request username: hacodern@gmail.com
2023-03-24 10:49:10 [http-nio-8080-exec-3] INFO  c.tasc.blogging.service.UserService - 1.2 - Validate login request password: 123
2023-03-24 10:49:10 [http-nio-8080-exec-3] INFO  c.tasc.blogging.service.UserService - 2 - Find user by email: hacodern@gmail.com
2023-03-24 10:49:10 [http-nio-8080-exec-3] INFO  c.tasc.blogging.service.UserService - 2.1 - Check user is empty or not
2023-03-24 10:49:10 [http-nio-8080-exec-3] INFO  c.tasc.blogging.service.UserService - 3 - Check password
2023-03-24 10:49:10 [http-nio-8080-exec-3] INFO  c.tasc.blogging.service.UserService - 4 - Generate credential
2023-03-24 10:49:31 [main] INFO  c.tasc.blogging.BloggingApplication - Starting BloggingApplication using Java 11.0.17 on nghiahas-MacBook-Pro.local with PID 48551 (/Users/nghiaha/Documents/Api/blogging/build/classes/java/main started by nghiaha in /Users/nghiaha/Documents/Api/blogging)
2023-03-24 10:49:31 [main] INFO  c.tasc.blogging.BloggingApplication - No active profile set, falling back to 1 default profile: "default"
2023-03-24 10:49:33 [main] INFO  com.tasc.blogging.aop.LoggingAspect - Entering passwordEncoder
2023-03-24 10:49:33 [main] INFO  com.tasc.blogging.aop.LoggingAspect - Result of passwordEncoder is: org.springframework.security.crypto.bcrypt.BCryptPasswordEncoder@2d26c6a2
2023-03-24 10:49:33 [main] INFO  com.tasc.blogging.aop.LoggingAspect - Exiting passwordEncoder
2023-03-24 10:49:33 [main] INFO  c.tasc.blogging.BloggingApplication - Started BloggingApplication in 2.492 seconds (JVM running for 2.777)
2023-03-24 10:49:35 [http-nio-8080-exec-1] INFO  c.tasc.blogging.service.UserService - 1 - Login request: LoginRequest(email=hacodern@gmail.com, password=123)
2023-03-24 10:49:35 [http-nio-8080-exec-1] INFO  c.tasc.blogging.service.UserService - 1.1 - Validate login request username: hacodern@gmail.com
2023-03-24 10:49:35 [http-nio-8080-exec-1] INFO  c.tasc.blogging.service.UserService - 1.2 - Validate login request password: 123
2023-03-24 10:49:35 [http-nio-8080-exec-1] INFO  c.tasc.blogging.service.UserService - 2 - Find user by email: hacodern@gmail.com
2023-03-24 10:49:35 [http-nio-8080-exec-1] INFO  c.tasc.blogging.service.UserService - 2.1 - Check user is empty or not
2023-03-24 10:49:35 [http-nio-8080-exec-1] INFO  c.tasc.blogging.service.UserService - 3 - Check password
2023-03-24 10:49:35 [http-nio-8080-exec-1] INFO  c.tasc.blogging.service.UserService - 4 - Generate credential
2023-03-24 10:51:00 [http-nio-8080-exec-5] INFO  c.tasc.blogging.service.UserService - 1 - Login request: LoginRequest(email=hacodern@gmail.com, password=123k)
2023-03-24 10:51:00 [http-nio-8080-exec-5] INFO  c.tasc.blogging.service.UserService - 1.1 - Validate login request username: hacodern@gmail.com
2023-03-24 10:51:00 [http-nio-8080-exec-5] INFO  c.tasc.blogging.service.UserService - 1.2 - Validate login request password: 123k
2023-03-24 10:51:00 [http-nio-8080-exec-5] INFO  c.tasc.blogging.service.UserService - 2 - Find user by email: hacodern@gmail.com
2023-03-24 10:51:00 [http-nio-8080-exec-5] INFO  c.tasc.blogging.service.UserService - 2.1 - Check user is empty or not
2023-03-24 10:51:00 [http-nio-8080-exec-5] INFO  c.tasc.blogging.service.UserService - 3 - Check password
2023-03-24 10:51:00 [http-nio-8080-exec-5] ERROR c.tasc.blogging.service.UserService - Password not match
2023-03-24 10:51:50 [http-nio-8080-exec-7] INFO  c.tasc.blogging.service.UserService - 1 - Login request: LoginRequest(email=hacodern@gmail.com, password=123)
2023-03-24 10:51:50 [http-nio-8080-exec-7] INFO  c.tasc.blogging.service.UserService - 1.1 - Validate login request username: hacodern@gmail.com
2023-03-24 10:51:50 [http-nio-8080-exec-7] INFO  c.tasc.blogging.service.UserService - 1.2 - Validate login request password: 123
2023-03-24 10:51:50 [http-nio-8080-exec-7] INFO  c.tasc.blogging.service.UserService - 2 - Find user by email: hacodern@gmail.com
2023-03-24 10:51:50 [http-nio-8080-exec-7] INFO  c.tasc.blogging.service.UserService - 2.1 - Check user is empty or not
2023-03-24 10:51:50 [http-nio-8080-exec-7] INFO  c.tasc.blogging.service.UserService - 3 - Check password
2023-03-24 10:51:50 [http-nio-8080-exec-7] INFO  c.tasc.blogging.service.UserService - 4 - Generate credential
2023-03-24 12:06:55 [main] INFO  c.tasc.blogging.BloggingApplication - Starting BloggingApplication using Java 11.0.17 on nghiahas-MacBook-Pro.local with PID 57827 (/Users/nghiaha/Documents/Api/blogging/build/classes/java/main started by nghiaha in /Users/nghiaha/Documents/Api/blogging)
2023-03-24 12:06:55 [main] INFO  c.tasc.blogging.BloggingApplication - No active profile set, falling back to 1 default profile: "default"
2023-03-24 12:06:57 [main] INFO  com.tasc.blogging.aop.LoggingAspect - Entering passwordEncoder
2023-03-24 12:06:57 [main] INFO  com.tasc.blogging.aop.LoggingAspect - Result of passwordEncoder is: org.springframework.security.crypto.bcrypt.BCryptPasswordEncoder@61e34bec
2023-03-24 12:06:57 [main] INFO  com.tasc.blogging.aop.LoggingAspect - Exiting passwordEncoder
2023-03-24 12:06:58 [main] ERROR o.s.b.d.LoggingFailureAnalysisReporter - 

***************************
APPLICATION FAILED TO START
***************************

Description:

Web server failed to start. Port 8080 was already in use.

Action:

Identify and stop the process that's listening on port 8080 or configure this application to listen on another port.

2023-03-24 12:07:23 [main] INFO  c.tasc.blogging.BloggingApplication - Starting BloggingApplication using Java 11.0.17 on nghiahas-MacBook-Pro.local with PID 57897 (/Users/nghiaha/Documents/Api/blogging/build/classes/java/main started by nghiaha in /Users/nghiaha/Documents/Api/blogging)
2023-03-24 12:07:23 [main] INFO  c.tasc.blogging.BloggingApplication - No active profile set, falling back to 1 default profile: "default"
2023-03-24 12:07:25 [main] INFO  com.tasc.blogging.aop.LoggingAspect - Entering passwordEncoder
2023-03-24 12:07:25 [main] INFO  com.tasc.blogging.aop.LoggingAspect - Result of passwordEncoder is: org.springframework.security.crypto.bcrypt.BCryptPasswordEncoder@6bed434d
2023-03-24 12:07:25 [main] INFO  com.tasc.blogging.aop.LoggingAspect - Exiting passwordEncoder
2023-03-24 12:07:26 [main] INFO  c.tasc.blogging.BloggingApplication - Started BloggingApplication in 2.525 seconds (JVM running for 2.893)
2023-03-24 12:07:34 [http-nio-8080-exec-2] INFO  c.tasc.blogging.service.UserService - 1 - Login request: LoginRequest(email=hacodern@gmail.com, password=123)
2023-03-24 12:07:34 [http-nio-8080-exec-2] INFO  c.tasc.blogging.service.UserService - 1.1 - Validate login request username: hacodern@gmail.com
2023-03-24 12:07:34 [http-nio-8080-exec-2] INFO  c.tasc.blogging.service.UserService - 1.2 - Validate login request password: 123
2023-03-24 12:07:34 [http-nio-8080-exec-2] INFO  c.tasc.blogging.service.UserService - 2 - Find user by email: hacodern@gmail.com
2023-03-24 12:07:34 [http-nio-8080-exec-2] INFO  c.tasc.blogging.service.UserService - 2.1 - Check user is empty or not
2023-03-24 12:07:34 [http-nio-8080-exec-2] INFO  c.tasc.blogging.service.UserService - 3 - Check password
2023-03-24 12:07:34 [http-nio-8080-exec-2] INFO  c.tasc.blogging.service.UserService - 4 - Generate credential
2023-03-24 14:08:24 [main] INFO  c.tasc.blogging.BloggingApplication - Starting BloggingApplication using Java 11.0.17 on nghiahas-MacBook-Pro.local with PID 72513 (/Users/nghiaha/Documents/Api/blogging/build/classes/java/main started by nghiaha in /Users/nghiaha/Documents/Api/blogging)
2023-03-24 14:08:24 [main] INFO  c.tasc.blogging.BloggingApplication - No active profile set, falling back to 1 default profile: "default"
2023-03-24 14:08:26 [main] ERROR com.zaxxer.hikari.pool.HikariPool - HikariPool-1 - Exception during pool initialization.
com.mysql.cj.jdbc.exceptions.CommunicationsException: Communications link failure

The last packet sent successfully to the server was 0 milliseconds ago. The driver has not received any packets from the server.
	at com.mysql.cj.jdbc.exceptions.SQLError.createCommunicationsException(SQLError.java:174)
	at com.mysql.cj.jdbc.exceptions.SQLExceptionsMapping.translateException(SQLExceptionsMapping.java:64)
	at com.mysql.cj.jdbc.ConnectionImpl.createNewIO(ConnectionImpl.java:829)
	at com.mysql.cj.jdbc.ConnectionImpl.<init>(ConnectionImpl.java:449)
	at com.mysql.cj.jdbc.ConnectionImpl.getInstance(ConnectionImpl.java:242)
	at com.mysql.cj.jdbc.NonRegisteringDriver.connect(NonRegisteringDriver.java:198)
	at com.zaxxer.hikari.util.DriverDataSource.getConnection(DriverDataSource.java:138)
	at com.zaxxer.hikari.pool.PoolBase.newConnection(PoolBase.java:364)
	at com.zaxxer.hikari.pool.PoolBase.newPoolEntry(PoolBase.java:206)
	at com.zaxxer.hikari.pool.HikariPool.createPoolEntry(HikariPool.java:476)
	at com.zaxxer.hikari.pool.HikariPool.checkFailFast(HikariPool.java:561)
	at com.zaxxer.hikari.pool.HikariPool.<init>(HikariPool.java:115)
	at com.zaxxer.hikari.HikariDataSource.getConnection(HikariDataSource.java:112)
	at org.hibernate.engine.jdbc.connections.internal.DatasourceConnectionProviderImpl.getConnection(DatasourceConnectionProviderImpl.java:122)
	at org.hibernate.engine.jdbc.env.internal.JdbcEnvironmentInitiator$ConnectionProviderJdbcConnectionAccess.obtainConnection(JdbcEnvironmentInitiator.java:181)
	at org.hibernate.engine.jdbc.env.internal.JdbcEnvironmentInitiator.initiateService(JdbcEnvironmentInitiator.java:68)
	at org.hibernate.engine.jdbc.env.internal.JdbcEnvironmentInitiator.initiateService(JdbcEnvironmentInitiator.java:35)
	at org.hibernate.boot.registry.internal.StandardServiceRegistryImpl.initiateService(StandardServiceRegistryImpl.java:101)
	at org.hibernate.service.internal.AbstractServiceRegistryImpl.createService(AbstractServiceRegistryImpl.java:272)
	at org.hibernate.service.internal.AbstractServiceRegistryImpl.initializeService(AbstractServiceRegistryImpl.java:246)
	at org.hibernate.service.internal.AbstractServiceRegistryImpl.getService(AbstractServiceRegistryImpl.java:223)
	at org.hibernate.id.factory.internal.DefaultIdentifierGeneratorFactory.injectServices(DefaultIdentifierGeneratorFactory.java:175)
	at org.hibernate.service.internal.AbstractServiceRegistryImpl.injectDependencies(AbstractServiceRegistryImpl.java:295)
	at org.hibernate.service.internal.AbstractServiceRegistryImpl.initializeService(AbstractServiceRegistryImpl.java:252)
	at org.hibernate.service.internal.AbstractServiceRegistryImpl.getService(AbstractServiceRegistryImpl.java:223)
	at org.hibernate.boot.internal.InFlightMetadataCollectorImpl.<init>(InFlightMetadataCollectorImpl.java:173)
	at org.hibernate.boot.model.process.spi.MetadataBuildingProcess.complete(MetadataBuildingProcess.java:127)
	at org.hibernate.jpa.boot.internal.EntityManagerFactoryBuilderImpl.metadata(EntityManagerFactoryBuilderImpl.java:1460)
	at org.hibernate.jpa.boot.internal.EntityManagerFactoryBuilderImpl.build(EntityManagerFactoryBuilderImpl.java:1494)
	at org.springframework.orm.jpa.vendor.SpringHibernateJpaPersistenceProvider.createContainerEntityManagerFactory(SpringHibernateJpaPersistenceProvider.java:58)
	at org.springframework.orm.jpa.LocalContainerEntityManagerFactoryBean.createNativeEntityManagerFactory(LocalContainerEntityManagerFactoryBean.java:365)
	at org.springframework.orm.jpa.AbstractEntityManagerFactoryBean.buildNativeEntityManagerFactory(AbstractEntityManagerFactoryBean.java:409)
	at org.springframework.orm.jpa.AbstractEntityManagerFactoryBean.afterPropertiesSet(AbstractEntityManagerFactoryBean.java:396)
	at org.springframework.orm.jpa.LocalContainerEntityManagerFactoryBean.afterPropertiesSet(LocalContainerEntityManagerFactoryBean.java:341)
	at org.springframework.beans.factory.support.AbstractAutowireCapableBeanFactory.invokeInitMethods(AbstractAutowireCapableBeanFactory.java:1863)
	at org.springframework.beans.factory.support.AbstractAutowireCapableBeanFactory.initializeBean(AbstractAutowireCapableBeanFactory.java:1800)
	at org.springframework.beans.factory.support.AbstractAutowireCapableBeanFactory.doCreateBean(AbstractAutowireCapableBeanFactory.java:620)
	at org.springframework.beans.factory.support.AbstractAutowireCapableBeanFactory.createBean(AbstractAutowireCapableBeanFactory.java:542)
	at org.springframework.beans.factory.support.AbstractBeanFactory.lambda$doGetBean$0(AbstractBeanFactory.java:335)
	at org.springframework.beans.factory.support.DefaultSingletonBeanRegistry.getSingleton(DefaultSingletonBeanRegistry.java:234)
	at org.springframework.beans.factory.support.AbstractBeanFactory.doGetBean(AbstractBeanFactory.java:333)
	at org.springframework.beans.factory.support.AbstractBeanFactory.getBean(AbstractBeanFactory.java:208)
	at org.springframework.context.support.AbstractApplicationContext.getBean(AbstractApplicationContext.java:1154)
	at org.springframework.context.support.AbstractApplicationContext.finishBeanFactoryInitialization(AbstractApplicationContext.java:908)
	at org.springframework.context.support.AbstractApplicationContext.refresh(AbstractApplicationContext.java:583)
	at org.springframework.boot.web.servlet.context.ServletWebServerApplicationContext.refresh(ServletWebServerApplicationContext.java:147)
	at org.springframework.boot.SpringApplication.refresh(SpringApplication.java:731)
	at org.springframework.boot.SpringApplication.refreshContext(SpringApplication.java:408)
	at org.springframework.boot.SpringApplication.run(SpringApplication.java:307)
	at org.springframework.boot.SpringApplication.run(SpringApplication.java:1303)
	at org.springframework.boot.SpringApplication.run(SpringApplication.java:1292)
	at com.tasc.blogging.BloggingApplication.main(BloggingApplication.java:16)
Caused by: com.mysql.cj.exceptions.CJCommunicationsException: Communications link failure

The last packet sent successfully to the server was 0 milliseconds ago. The driver has not received any packets from the server.
	at java.base/jdk.internal.reflect.NativeConstructorAccessorImpl.newInstance0(Native Method)
	at java.base/jdk.internal.reflect.NativeConstructorAccessorImpl.newInstance(NativeConstructorAccessorImpl.java:62)
	at java.base/jdk.internal.reflect.DelegatingConstructorAccessorImpl.newInstance(DelegatingConstructorAccessorImpl.java:45)
	at java.base/java.lang.reflect.Constructor.newInstance(Constructor.java:490)
	at com.mysql.cj.exceptions.ExceptionFactory.createException(ExceptionFactory.java:61)
	at com.mysql.cj.exceptions.ExceptionFactory.createException(ExceptionFactory.java:105)
	at com.mysql.cj.exceptions.ExceptionFactory.createException(ExceptionFactory.java:151)
	at com.mysql.cj.exceptions.ExceptionFactory.createCommunicationsException(ExceptionFactory.java:167)
	at com.mysql.cj.protocol.a.NativeSocketConnection.connect(NativeSocketConnection.java:89)
	at com.mysql.cj.NativeSession.connect(NativeSession.java:120)
	at com.mysql.cj.jdbc.ConnectionImpl.connectOneTryOnly(ConnectionImpl.java:949)
	at com.mysql.cj.jdbc.ConnectionImpl.createNewIO(ConnectionImpl.java:819)
	... 49 common frames omitted
Caused by: java.net.ConnectException: Connection refused (Connection refused)
	at java.base/java.net.PlainSocketImpl.socketConnect(Native Method)
	at java.base/java.net.AbstractPlainSocketImpl.doConnect(AbstractPlainSocketImpl.java:412)
	at java.base/java.net.AbstractPlainSocketImpl.connectToAddress(AbstractPlainSocketImpl.java:255)
	at java.base/java.net.AbstractPlainSocketImpl.connect(AbstractPlainSocketImpl.java:237)
	at java.base/java.net.SocksSocketImpl.connect(SocksSocketImpl.java:392)
	at java.base/java.net.Socket.connect(Socket.java:608)
	at com.mysql.cj.protocol.StandardSocketFactory.connect(StandardSocketFactory.java:156)
	at com.mysql.cj.protocol.a.NativeSocketConnection.connect(NativeSocketConnection.java:63)
	... 52 common frames omitted
2023-03-24 14:08:26 [main] ERROR o.s.o.j.LocalContainerEntityManagerFactoryBean - Failed to initialize JPA EntityManagerFactory: Unable to create requested service [org.hibernate.engine.jdbc.env.spi.JdbcEnvironment]
2023-03-24 14:08:27 [main] ERROR o.s.boot.SpringApplication - Application run failed
org.springframework.beans.factory.BeanCreationException: Error creating bean with name 'entityManagerFactory' defined in class path resource [org/springframework/boot/autoconfigure/orm/jpa/HibernateJpaConfiguration.class]: Invocation of init method failed; nested exception is org.hibernate.service.spi.ServiceException: Unable to create requested service [org.hibernate.engine.jdbc.env.spi.JdbcEnvironment]
	at org.springframework.beans.factory.support.AbstractAutowireCapableBeanFactory.initializeBean(AbstractAutowireCapableBeanFactory.java:1804)
	at org.springframework.beans.factory.support.AbstractAutowireCapableBeanFactory.doCreateBean(AbstractAutowireCapableBeanFactory.java:620)
	at org.springframework.beans.factory.support.AbstractAutowireCapableBeanFactory.createBean(AbstractAutowireCapableBeanFactory.java:542)
	at org.springframework.beans.factory.support.AbstractBeanFactory.lambda$doGetBean$0(AbstractBeanFactory.java:335)
	at org.springframework.beans.factory.support.DefaultSingletonBeanRegistry.getSingleton(DefaultSingletonBeanRegistry.java:234)
	at org.springframework.beans.factory.support.AbstractBeanFactory.doGetBean(AbstractBeanFactory.java:333)
	at org.springframework.beans.factory.support.AbstractBeanFactory.getBean(AbstractBeanFactory.java:208)
	at org.springframework.context.support.AbstractApplicationContext.getBean(AbstractApplicationContext.java:1154)
	at org.springframework.context.support.AbstractApplicationContext.finishBeanFactoryInitialization(AbstractApplicationContext.java:908)
	at org.springframework.context.support.AbstractApplicationContext.refresh(AbstractApplicationContext.java:583)
	at org.springframework.boot.web.servlet.context.ServletWebServerApplicationContext.refresh(ServletWebServerApplicationContext.java:147)
	at org.springframework.boot.SpringApplication.refresh(SpringApplication.java:731)
	at org.springframework.boot.SpringApplication.refreshContext(SpringApplication.java:408)
	at org.springframework.boot.SpringApplication.run(SpringApplication.java:307)
	at org.springframework.boot.SpringApplication.run(SpringApplication.java:1303)
	at org.springframework.boot.SpringApplication.run(SpringApplication.java:1292)
	at com.tasc.blogging.BloggingApplication.main(BloggingApplication.java:16)
Caused by: org.hibernate.service.spi.ServiceException: Unable to create requested service [org.hibernate.engine.jdbc.env.spi.JdbcEnvironment]
	at org.hibernate.service.internal.AbstractServiceRegistryImpl.createService(AbstractServiceRegistryImpl.java:284)
	at org.hibernate.service.internal.AbstractServiceRegistryImpl.initializeService(AbstractServiceRegistryImpl.java:246)
	at org.hibernate.service.internal.AbstractServiceRegistryImpl.getService(AbstractServiceRegistryImpl.java:223)
	at org.hibernate.id.factory.internal.DefaultIdentifierGeneratorFactory.injectServices(DefaultIdentifierGeneratorFactory.java:175)
	at org.hibernate.service.internal.AbstractServiceRegistryImpl.injectDependencies(AbstractServiceRegistryImpl.java:295)
	at org.hibernate.service.internal.AbstractServiceRegistryImpl.initializeService(AbstractServiceRegistryImpl.java:252)
	at org.hibernate.service.internal.AbstractServiceRegistryImpl.getService(AbstractServiceRegistryImpl.java:223)
	at org.hibernate.boot.internal.InFlightMetadataCollectorImpl.<init>(InFlightMetadataCollectorImpl.java:173)
	at org.hibernate.boot.model.process.spi.MetadataBuildingProcess.complete(MetadataBuildingProcess.java:127)
	at org.hibernate.jpa.boot.internal.EntityManagerFactoryBuilderImpl.metadata(EntityManagerFactoryBuilderImpl.java:1460)
	at org.hibernate.jpa.boot.internal.EntityManagerFactoryBuilderImpl.build(EntityManagerFactoryBuilderImpl.java:1494)
	at org.springframework.orm.jpa.vendor.SpringHibernateJpaPersistenceProvider.createContainerEntityManagerFactory(SpringHibernateJpaPersistenceProvider.java:58)
	at org.springframework.orm.jpa.LocalContainerEntityManagerFactoryBean.createNativeEntityManagerFactory(LocalContainerEntityManagerFactoryBean.java:365)
	at org.springframework.orm.jpa.AbstractEntityManagerFactoryBean.buildNativeEntityManagerFactory(AbstractEntityManagerFactoryBean.java:409)
	at org.springframework.orm.jpa.AbstractEntityManagerFactoryBean.afterPropertiesSet(AbstractEntityManagerFactoryBean.java:396)
	at org.springframework.orm.jpa.LocalContainerEntityManagerFactoryBean.afterPropertiesSet(LocalContainerEntityManagerFactoryBean.java:341)
	at org.springframework.beans.factory.support.AbstractAutowireCapableBeanFactory.invokeInitMethods(AbstractAutowireCapableBeanFactory.java:1863)
	at org.springframework.beans.factory.support.AbstractAutowireCapableBeanFactory.initializeBean(AbstractAutowireCapableBeanFactory.java:1800)
	... 16 common frames omitted
Caused by: org.hibernate.HibernateException: Access to DialectResolutionInfo cannot be null when 'hibernate.dialect' not set
	at org.hibernate.engine.jdbc.dialect.internal.DialectFactoryImpl.determineDialect(DialectFactoryImpl.java:100)
	at org.hibernate.engine.jdbc.dialect.internal.DialectFactoryImpl.buildDialect(DialectFactoryImpl.java:54)
	at org.hibernate.engine.jdbc.env.internal.JdbcEnvironmentInitiator.initiateService(JdbcEnvironmentInitiator.java:138)
	at org.hibernate.engine.jdbc.env.internal.JdbcEnvironmentInitiator.initiateService(JdbcEnvironmentInitiator.java:35)
	at org.hibernate.boot.registry.internal.StandardServiceRegistryImpl.initiateService(StandardServiceRegistryImpl.java:101)
	at org.hibernate.service.internal.AbstractServiceRegistryImpl.createService(AbstractServiceRegistryImpl.java:272)
	... 33 common frames omitted
2023-03-24 14:08:42 [main] INFO  c.tasc.blogging.BloggingApplication - Starting BloggingApplication using Java 11.0.17 on nghiahas-MacBook-Pro.local with PID 72534 (/Users/nghiaha/Documents/Api/blogging/build/classes/java/main started by nghiaha in /Users/nghiaha/Documents/Api/blogging)
2023-03-24 14:08:42 [main] INFO  c.tasc.blogging.BloggingApplication - No active profile set, falling back to 1 default profile: "default"
2023-03-24 14:08:44 [main] ERROR com.zaxxer.hikari.pool.HikariPool - HikariPool-1 - Exception during pool initialization.
com.mysql.cj.jdbc.exceptions.CommunicationsException: Communications link failure

The last packet sent successfully to the server was 0 milliseconds ago. The driver has not received any packets from the server.
	at com.mysql.cj.jdbc.exceptions.SQLError.createCommunicationsException(SQLError.java:174)
	at com.mysql.cj.jdbc.exceptions.SQLExceptionsMapping.translateException(SQLExceptionsMapping.java:64)
	at com.mysql.cj.jdbc.ConnectionImpl.createNewIO(ConnectionImpl.java:829)
	at com.mysql.cj.jdbc.ConnectionImpl.<init>(ConnectionImpl.java:449)
	at com.mysql.cj.jdbc.ConnectionImpl.getInstance(ConnectionImpl.java:242)
	at com.mysql.cj.jdbc.NonRegisteringDriver.connect(NonRegisteringDriver.java:198)
	at com.zaxxer.hikari.util.DriverDataSource.getConnection(DriverDataSource.java:138)
	at com.zaxxer.hikari.pool.PoolBase.newConnection(PoolBase.java:364)
	at com.zaxxer.hikari.pool.PoolBase.newPoolEntry(PoolBase.java:206)
	at com.zaxxer.hikari.pool.HikariPool.createPoolEntry(HikariPool.java:476)
	at com.zaxxer.hikari.pool.HikariPool.checkFailFast(HikariPool.java:561)
	at com.zaxxer.hikari.pool.HikariPool.<init>(HikariPool.java:115)
	at com.zaxxer.hikari.HikariDataSource.getConnection(HikariDataSource.java:112)
	at org.hibernate.engine.jdbc.connections.internal.DatasourceConnectionProviderImpl.getConnection(DatasourceConnectionProviderImpl.java:122)
	at org.hibernate.engine.jdbc.env.internal.JdbcEnvironmentInitiator$ConnectionProviderJdbcConnectionAccess.obtainConnection(JdbcEnvironmentInitiator.java:181)
	at org.hibernate.engine.jdbc.env.internal.JdbcEnvironmentInitiator.initiateService(JdbcEnvironmentInitiator.java:68)
	at org.hibernate.engine.jdbc.env.internal.JdbcEnvironmentInitiator.initiateService(JdbcEnvironmentInitiator.java:35)
	at org.hibernate.boot.registry.internal.StandardServiceRegistryImpl.initiateService(StandardServiceRegistryImpl.java:101)
	at org.hibernate.service.internal.AbstractServiceRegistryImpl.createService(AbstractServiceRegistryImpl.java:272)
	at org.hibernate.service.internal.AbstractServiceRegistryImpl.initializeService(AbstractServiceRegistryImpl.java:246)
	at org.hibernate.service.internal.AbstractServiceRegistryImpl.getService(AbstractServiceRegistryImpl.java:223)
	at org.hibernate.id.factory.internal.DefaultIdentifierGeneratorFactory.injectServices(DefaultIdentifierGeneratorFactory.java:175)
	at org.hibernate.service.internal.AbstractServiceRegistryImpl.injectDependencies(AbstractServiceRegistryImpl.java:295)
	at org.hibernate.service.internal.AbstractServiceRegistryImpl.initializeService(AbstractServiceRegistryImpl.java:252)
	at org.hibernate.service.internal.AbstractServiceRegistryImpl.getService(AbstractServiceRegistryImpl.java:223)
	at org.hibernate.boot.internal.InFlightMetadataCollectorImpl.<init>(InFlightMetadataCollectorImpl.java:173)
	at org.hibernate.boot.model.process.spi.MetadataBuildingProcess.complete(MetadataBuildingProcess.java:127)
	at org.hibernate.jpa.boot.internal.EntityManagerFactoryBuilderImpl.metadata(EntityManagerFactoryBuilderImpl.java:1460)
	at org.hibernate.jpa.boot.internal.EntityManagerFactoryBuilderImpl.build(EntityManagerFactoryBuilderImpl.java:1494)
	at org.springframework.orm.jpa.vendor.SpringHibernateJpaPersistenceProvider.createContainerEntityManagerFactory(SpringHibernateJpaPersistenceProvider.java:58)
	at org.springframework.orm.jpa.LocalContainerEntityManagerFactoryBean.createNativeEntityManagerFactory(LocalContainerEntityManagerFactoryBean.java:365)
	at org.springframework.orm.jpa.AbstractEntityManagerFactoryBean.buildNativeEntityManagerFactory(AbstractEntityManagerFactoryBean.java:409)
	at org.springframework.orm.jpa.AbstractEntityManagerFactoryBean.afterPropertiesSet(AbstractEntityManagerFactoryBean.java:396)
	at org.springframework.orm.jpa.LocalContainerEntityManagerFactoryBean.afterPropertiesSet(LocalContainerEntityManagerFactoryBean.java:341)
	at org.springframework.beans.factory.support.AbstractAutowireCapableBeanFactory.invokeInitMethods(AbstractAutowireCapableBeanFactory.java:1863)
	at org.springframework.beans.factory.support.AbstractAutowireCapableBeanFactory.initializeBean(AbstractAutowireCapableBeanFactory.java:1800)
	at org.springframework.beans.factory.support.AbstractAutowireCapableBeanFactory.doCreateBean(AbstractAutowireCapableBeanFactory.java:620)
	at org.springframework.beans.factory.support.AbstractAutowireCapableBeanFactory.createBean(AbstractAutowireCapableBeanFactory.java:542)
	at org.springframework.beans.factory.support.AbstractBeanFactory.lambda$doGetBean$0(AbstractBeanFactory.java:335)
	at org.springframework.beans.factory.support.DefaultSingletonBeanRegistry.getSingleton(DefaultSingletonBeanRegistry.java:234)
	at org.springframework.beans.factory.support.AbstractBeanFactory.doGetBean(AbstractBeanFactory.java:333)
	at org.springframework.beans.factory.support.AbstractBeanFactory.getBean(AbstractBeanFactory.java:208)
	at org.springframework.context.support.AbstractApplicationContext.getBean(AbstractApplicationContext.java:1154)
	at org.springframework.context.support.AbstractApplicationContext.finishBeanFactoryInitialization(AbstractApplicationContext.java:908)
	at org.springframework.context.support.AbstractApplicationContext.refresh(AbstractApplicationContext.java:583)
	at org.springframework.boot.web.servlet.context.ServletWebServerApplicationContext.refresh(ServletWebServerApplicationContext.java:147)
	at org.springframework.boot.SpringApplication.refresh(SpringApplication.java:731)
	at org.springframework.boot.SpringApplication.refreshContext(SpringApplication.java:408)
	at org.springframework.boot.SpringApplication.run(SpringApplication.java:307)
	at org.springframework.boot.SpringApplication.run(SpringApplication.java:1303)
	at org.springframework.boot.SpringApplication.run(SpringApplication.java:1292)
	at com.tasc.blogging.BloggingApplication.main(BloggingApplication.java:16)
Caused by: com.mysql.cj.exceptions.CJCommunicationsException: Communications link failure

The last packet sent successfully to the server was 0 milliseconds ago. The driver has not received any packets from the server.
	at java.base/jdk.internal.reflect.NativeConstructorAccessorImpl.newInstance0(Native Method)
	at java.base/jdk.internal.reflect.NativeConstructorAccessorImpl.newInstance(NativeConstructorAccessorImpl.java:62)
	at java.base/jdk.internal.reflect.DelegatingConstructorAccessorImpl.newInstance(DelegatingConstructorAccessorImpl.java:45)
	at java.base/java.lang.reflect.Constructor.newInstance(Constructor.java:490)
	at com.mysql.cj.exceptions.ExceptionFactory.createException(ExceptionFactory.java:61)
	at com.mysql.cj.exceptions.ExceptionFactory.createException(ExceptionFactory.java:105)
	at com.mysql.cj.exceptions.ExceptionFactory.createException(ExceptionFactory.java:151)
	at com.mysql.cj.exceptions.ExceptionFactory.createCommunicationsException(ExceptionFactory.java:167)
	at com.mysql.cj.protocol.a.NativeSocketConnection.connect(NativeSocketConnection.java:89)
	at com.mysql.cj.NativeSession.connect(NativeSession.java:120)
	at com.mysql.cj.jdbc.ConnectionImpl.connectOneTryOnly(ConnectionImpl.java:949)
	at com.mysql.cj.jdbc.ConnectionImpl.createNewIO(ConnectionImpl.java:819)
	... 49 common frames omitted
Caused by: java.net.ConnectException: Connection refused (Connection refused)
	at java.base/java.net.PlainSocketImpl.socketConnect(Native Method)
	at java.base/java.net.AbstractPlainSocketImpl.doConnect(AbstractPlainSocketImpl.java:412)
	at java.base/java.net.AbstractPlainSocketImpl.connectToAddress(AbstractPlainSocketImpl.java:255)
	at java.base/java.net.AbstractPlainSocketImpl.connect(AbstractPlainSocketImpl.java:237)
	at java.base/java.net.SocksSocketImpl.connect(SocksSocketImpl.java:392)
	at java.base/java.net.Socket.connect(Socket.java:608)
	at com.mysql.cj.protocol.StandardSocketFactory.connect(StandardSocketFactory.java:156)
	at com.mysql.cj.protocol.a.NativeSocketConnection.connect(NativeSocketConnection.java:63)
	... 52 common frames omitted
2023-03-24 14:08:44 [main] ERROR o.s.o.j.LocalContainerEntityManagerFactoryBean - Failed to initialize JPA EntityManagerFactory: Unable to create requested service [org.hibernate.engine.jdbc.env.spi.JdbcEnvironment]
2023-03-24 14:08:44 [main] ERROR o.s.boot.SpringApplication - Application run failed
org.springframework.beans.factory.BeanCreationException: Error creating bean with name 'entityManagerFactory' defined in class path resource [org/springframework/boot/autoconfigure/orm/jpa/HibernateJpaConfiguration.class]: Invocation of init method failed; nested exception is org.hibernate.service.spi.ServiceException: Unable to create requested service [org.hibernate.engine.jdbc.env.spi.JdbcEnvironment]
	at org.springframework.beans.factory.support.AbstractAutowireCapableBeanFactory.initializeBean(AbstractAutowireCapableBeanFactory.java:1804)
	at org.springframework.beans.factory.support.AbstractAutowireCapableBeanFactory.doCreateBean(AbstractAutowireCapableBeanFactory.java:620)
	at org.springframework.beans.factory.support.AbstractAutowireCapableBeanFactory.createBean(AbstractAutowireCapableBeanFactory.java:542)
	at org.springframework.beans.factory.support.AbstractBeanFactory.lambda$doGetBean$0(AbstractBeanFactory.java:335)
	at org.springframework.beans.factory.support.DefaultSingletonBeanRegistry.getSingleton(DefaultSingletonBeanRegistry.java:234)
	at org.springframework.beans.factory.support.AbstractBeanFactory.doGetBean(AbstractBeanFactory.java:333)
	at org.springframework.beans.factory.support.AbstractBeanFactory.getBean(AbstractBeanFactory.java:208)
	at org.springframework.context.support.AbstractApplicationContext.getBean(AbstractApplicationContext.java:1154)
	at org.springframework.context.support.AbstractApplicationContext.finishBeanFactoryInitialization(AbstractApplicationContext.java:908)
	at org.springframework.context.support.AbstractApplicationContext.refresh(AbstractApplicationContext.java:583)
	at org.springframework.boot.web.servlet.context.ServletWebServerApplicationContext.refresh(ServletWebServerApplicationContext.java:147)
	at org.springframework.boot.SpringApplication.refresh(SpringApplication.java:731)
	at org.springframework.boot.SpringApplication.refreshContext(SpringApplication.java:408)
	at org.springframework.boot.SpringApplication.run(SpringApplication.java:307)
	at org.springframework.boot.SpringApplication.run(SpringApplication.java:1303)
	at org.springframework.boot.SpringApplication.run(SpringApplication.java:1292)
	at com.tasc.blogging.BloggingApplication.main(BloggingApplication.java:16)
Caused by: org.hibernate.service.spi.ServiceException: Unable to create requested service [org.hibernate.engine.jdbc.env.spi.JdbcEnvironment]
	at org.hibernate.service.internal.AbstractServiceRegistryImpl.createService(AbstractServiceRegistryImpl.java:284)
	at org.hibernate.service.internal.AbstractServiceRegistryImpl.initializeService(AbstractServiceRegistryImpl.java:246)
	at org.hibernate.service.internal.AbstractServiceRegistryImpl.getService(AbstractServiceRegistryImpl.java:223)
	at org.hibernate.id.factory.internal.DefaultIdentifierGeneratorFactory.injectServices(DefaultIdentifierGeneratorFactory.java:175)
	at org.hibernate.service.internal.AbstractServiceRegistryImpl.injectDependencies(AbstractServiceRegistryImpl.java:295)
	at org.hibernate.service.internal.AbstractServiceRegistryImpl.initializeService(AbstractServiceRegistryImpl.java:252)
	at org.hibernate.service.internal.AbstractServiceRegistryImpl.getService(AbstractServiceRegistryImpl.java:223)
	at org.hibernate.boot.internal.InFlightMetadataCollectorImpl.<init>(InFlightMetadataCollectorImpl.java:173)
	at org.hibernate.boot.model.process.spi.MetadataBuildingProcess.complete(MetadataBuildingProcess.java:127)
	at org.hibernate.jpa.boot.internal.EntityManagerFactoryBuilderImpl.metadata(EntityManagerFactoryBuilderImpl.java:1460)
	at org.hibernate.jpa.boot.internal.EntityManagerFactoryBuilderImpl.build(EntityManagerFactoryBuilderImpl.java:1494)
	at org.springframework.orm.jpa.vendor.SpringHibernateJpaPersistenceProvider.createContainerEntityManagerFactory(SpringHibernateJpaPersistenceProvider.java:58)
	at org.springframework.orm.jpa.LocalContainerEntityManagerFactoryBean.createNativeEntityManagerFactory(LocalContainerEntityManagerFactoryBean.java:365)
	at org.springframework.orm.jpa.AbstractEntityManagerFactoryBean.buildNativeEntityManagerFactory(AbstractEntityManagerFactoryBean.java:409)
	at org.springframework.orm.jpa.AbstractEntityManagerFactoryBean.afterPropertiesSet(AbstractEntityManagerFactoryBean.java:396)
	at org.springframework.orm.jpa.LocalContainerEntityManagerFactoryBean.afterPropertiesSet(LocalContainerEntityManagerFactoryBean.java:341)
	at org.springframework.beans.factory.support.AbstractAutowireCapableBeanFactory.invokeInitMethods(AbstractAutowireCapableBeanFactory.java:1863)
	at org.springframework.beans.factory.support.AbstractAutowireCapableBeanFactory.initializeBean(AbstractAutowireCapableBeanFactory.java:1800)
	... 16 common frames omitted
Caused by: org.hibernate.HibernateException: Access to DialectResolutionInfo cannot be null when 'hibernate.dialect' not set
	at org.hibernate.engine.jdbc.dialect.internal.DialectFactoryImpl.determineDialect(DialectFactoryImpl.java:100)
	at org.hibernate.engine.jdbc.dialect.internal.DialectFactoryImpl.buildDialect(DialectFactoryImpl.java:54)
	at org.hibernate.engine.jdbc.env.internal.JdbcEnvironmentInitiator.initiateService(JdbcEnvironmentInitiator.java:138)
	at org.hibernate.engine.jdbc.env.internal.JdbcEnvironmentInitiator.initiateService(JdbcEnvironmentInitiator.java:35)
	at org.hibernate.boot.registry.internal.StandardServiceRegistryImpl.initiateService(StandardServiceRegistryImpl.java:101)
	at org.hibernate.service.internal.AbstractServiceRegistryImpl.createService(AbstractServiceRegistryImpl.java:272)
	... 33 common frames omitted
2023-03-24 14:09:13 [main] INFO  c.tasc.blogging.BloggingApplication - Starting BloggingApplication using Java 11.0.17 on nghiahas-MacBook-Pro.local with PID 72580 (/Users/nghiaha/Documents/Api/blogging/build/classes/java/main started by nghiaha in /Users/nghiaha/Documents/Api/blogging)
2023-03-24 14:09:13 [main] INFO  c.tasc.blogging.BloggingApplication - No active profile set, falling back to 1 default profile: "default"
2023-03-24 14:09:15 [main] ERROR com.zaxxer.hikari.pool.HikariPool - HikariPool-1 - Exception during pool initialization.
com.mysql.cj.jdbc.exceptions.CommunicationsException: Communications link failure

The last packet sent successfully to the server was 0 milliseconds ago. The driver has not received any packets from the server.
	at com.mysql.cj.jdbc.exceptions.SQLError.createCommunicationsException(SQLError.java:174)
	at com.mysql.cj.jdbc.exceptions.SQLExceptionsMapping.translateException(SQLExceptionsMapping.java:64)
	at com.mysql.cj.jdbc.ConnectionImpl.createNewIO(ConnectionImpl.java:829)
	at com.mysql.cj.jdbc.ConnectionImpl.<init>(ConnectionImpl.java:449)
	at com.mysql.cj.jdbc.ConnectionImpl.getInstance(ConnectionImpl.java:242)
	at com.mysql.cj.jdbc.NonRegisteringDriver.connect(NonRegisteringDriver.java:198)
	at com.zaxxer.hikari.util.DriverDataSource.getConnection(DriverDataSource.java:138)
	at com.zaxxer.hikari.pool.PoolBase.newConnection(PoolBase.java:364)
	at com.zaxxer.hikari.pool.PoolBase.newPoolEntry(PoolBase.java:206)
	at com.zaxxer.hikari.pool.HikariPool.createPoolEntry(HikariPool.java:476)
	at com.zaxxer.hikari.pool.HikariPool.checkFailFast(HikariPool.java:561)
	at com.zaxxer.hikari.pool.HikariPool.<init>(HikariPool.java:115)
	at com.zaxxer.hikari.HikariDataSource.getConnection(HikariDataSource.java:112)
	at org.hibernate.engine.jdbc.connections.internal.DatasourceConnectionProviderImpl.getConnection(DatasourceConnectionProviderImpl.java:122)
	at org.hibernate.engine.jdbc.env.internal.JdbcEnvironmentInitiator$ConnectionProviderJdbcConnectionAccess.obtainConnection(JdbcEnvironmentInitiator.java:181)
	at org.hibernate.engine.jdbc.env.internal.JdbcEnvironmentInitiator.initiateService(JdbcEnvironmentInitiator.java:68)
	at org.hibernate.engine.jdbc.env.internal.JdbcEnvironmentInitiator.initiateService(JdbcEnvironmentInitiator.java:35)
	at org.hibernate.boot.registry.internal.StandardServiceRegistryImpl.initiateService(StandardServiceRegistryImpl.java:101)
	at org.hibernate.service.internal.AbstractServiceRegistryImpl.createService(AbstractServiceRegistryImpl.java:272)
	at org.hibernate.service.internal.AbstractServiceRegistryImpl.initializeService(AbstractServiceRegistryImpl.java:246)
	at org.hibernate.service.internal.AbstractServiceRegistryImpl.getService(AbstractServiceRegistryImpl.java:223)
	at org.hibernate.id.factory.internal.DefaultIdentifierGeneratorFactory.injectServices(DefaultIdentifierGeneratorFactory.java:175)
	at org.hibernate.service.internal.AbstractServiceRegistryImpl.injectDependencies(AbstractServiceRegistryImpl.java:295)
	at org.hibernate.service.internal.AbstractServiceRegistryImpl.initializeService(AbstractServiceRegistryImpl.java:252)
	at org.hibernate.service.internal.AbstractServiceRegistryImpl.getService(AbstractServiceRegistryImpl.java:223)
	at org.hibernate.boot.internal.InFlightMetadataCollectorImpl.<init>(InFlightMetadataCollectorImpl.java:173)
	at org.hibernate.boot.model.process.spi.MetadataBuildingProcess.complete(MetadataBuildingProcess.java:127)
	at org.hibernate.jpa.boot.internal.EntityManagerFactoryBuilderImpl.metadata(EntityManagerFactoryBuilderImpl.java:1460)
	at org.hibernate.jpa.boot.internal.EntityManagerFactoryBuilderImpl.build(EntityManagerFactoryBuilderImpl.java:1494)
	at org.springframework.orm.jpa.vendor.SpringHibernateJpaPersistenceProvider.createContainerEntityManagerFactory(SpringHibernateJpaPersistenceProvider.java:58)
	at org.springframework.orm.jpa.LocalContainerEntityManagerFactoryBean.createNativeEntityManagerFactory(LocalContainerEntityManagerFactoryBean.java:365)
	at org.springframework.orm.jpa.AbstractEntityManagerFactoryBean.buildNativeEntityManagerFactory(AbstractEntityManagerFactoryBean.java:409)
	at org.springframework.orm.jpa.AbstractEntityManagerFactoryBean.afterPropertiesSet(AbstractEntityManagerFactoryBean.java:396)
	at org.springframework.orm.jpa.LocalContainerEntityManagerFactoryBean.afterPropertiesSet(LocalContainerEntityManagerFactoryBean.java:341)
	at org.springframework.beans.factory.support.AbstractAutowireCapableBeanFactory.invokeInitMethods(AbstractAutowireCapableBeanFactory.java:1863)
	at org.springframework.beans.factory.support.AbstractAutowireCapableBeanFactory.initializeBean(AbstractAutowireCapableBeanFactory.java:1800)
	at org.springframework.beans.factory.support.AbstractAutowireCapableBeanFactory.doCreateBean(AbstractAutowireCapableBeanFactory.java:620)
	at org.springframework.beans.factory.support.AbstractAutowireCapableBeanFactory.createBean(AbstractAutowireCapableBeanFactory.java:542)
	at org.springframework.beans.factory.support.AbstractBeanFactory.lambda$doGetBean$0(AbstractBeanFactory.java:335)
	at org.springframework.beans.factory.support.DefaultSingletonBeanRegistry.getSingleton(DefaultSingletonBeanRegistry.java:234)
	at org.springframework.beans.factory.support.AbstractBeanFactory.doGetBean(AbstractBeanFactory.java:333)
	at org.springframework.beans.factory.support.AbstractBeanFactory.getBean(AbstractBeanFactory.java:208)
	at org.springframework.context.support.AbstractApplicationContext.getBean(AbstractApplicationContext.java:1154)
	at org.springframework.context.support.AbstractApplicationContext.finishBeanFactoryInitialization(AbstractApplicationContext.java:908)
	at org.springframework.context.support.AbstractApplicationContext.refresh(AbstractApplicationContext.java:583)
	at org.springframework.boot.web.servlet.context.ServletWebServerApplicationContext.refresh(ServletWebServerApplicationContext.java:147)
	at org.springframework.boot.SpringApplication.refresh(SpringApplication.java:731)
	at org.springframework.boot.SpringApplication.refreshContext(SpringApplication.java:408)
	at org.springframework.boot.SpringApplication.run(SpringApplication.java:307)
	at org.springframework.boot.SpringApplication.run(SpringApplication.java:1303)
	at org.springframework.boot.SpringApplication.run(SpringApplication.java:1292)
	at com.tasc.blogging.BloggingApplication.main(BloggingApplication.java:16)
Caused by: com.mysql.cj.exceptions.CJCommunicationsException: Communications link failure

The last packet sent successfully to the server was 0 milliseconds ago. The driver has not received any packets from the server.
	at java.base/jdk.internal.reflect.NativeConstructorAccessorImpl.newInstance0(Native Method)
	at java.base/jdk.internal.reflect.NativeConstructorAccessorImpl.newInstance(NativeConstructorAccessorImpl.java:62)
	at java.base/jdk.internal.reflect.DelegatingConstructorAccessorImpl.newInstance(DelegatingConstructorAccessorImpl.java:45)
	at java.base/java.lang.reflect.Constructor.newInstance(Constructor.java:490)
	at com.mysql.cj.exceptions.ExceptionFactory.createException(ExceptionFactory.java:61)
	at com.mysql.cj.exceptions.ExceptionFactory.createException(ExceptionFactory.java:105)
	at com.mysql.cj.exceptions.ExceptionFactory.createException(ExceptionFactory.java:151)
	at com.mysql.cj.exceptions.ExceptionFactory.createCommunicationsException(ExceptionFactory.java:167)
	at com.mysql.cj.protocol.a.NativeSocketConnection.connect(NativeSocketConnection.java:89)
	at com.mysql.cj.NativeSession.connect(NativeSession.java:120)
	at com.mysql.cj.jdbc.ConnectionImpl.connectOneTryOnly(ConnectionImpl.java:949)
	at com.mysql.cj.jdbc.ConnectionImpl.createNewIO(ConnectionImpl.java:819)
	... 49 common frames omitted
Caused by: java.net.ConnectException: Connection refused (Connection refused)
	at java.base/java.net.PlainSocketImpl.socketConnect(Native Method)
	at java.base/java.net.AbstractPlainSocketImpl.doConnect(AbstractPlainSocketImpl.java:412)
	at java.base/java.net.AbstractPlainSocketImpl.connectToAddress(AbstractPlainSocketImpl.java:255)
	at java.base/java.net.AbstractPlainSocketImpl.connect(AbstractPlainSocketImpl.java:237)
	at java.base/java.net.SocksSocketImpl.connect(SocksSocketImpl.java:392)
	at java.base/java.net.Socket.connect(Socket.java:608)
	at com.mysql.cj.protocol.StandardSocketFactory.connect(StandardSocketFactory.java:156)
	at com.mysql.cj.protocol.a.NativeSocketConnection.connect(NativeSocketConnection.java:63)
	... 52 common frames omitted
2023-03-24 14:09:15 [main] ERROR o.s.o.j.LocalContainerEntityManagerFactoryBean - Failed to initialize JPA EntityManagerFactory: Unable to create requested service [org.hibernate.engine.jdbc.env.spi.JdbcEnvironment]
2023-03-24 14:09:15 [main] ERROR o.s.boot.SpringApplication - Application run failed
org.springframework.beans.factory.BeanCreationException: Error creating bean with name 'entityManagerFactory' defined in class path resource [org/springframework/boot/autoconfigure/orm/jpa/HibernateJpaConfiguration.class]: Invocation of init method failed; nested exception is org.hibernate.service.spi.ServiceException: Unable to create requested service [org.hibernate.engine.jdbc.env.spi.JdbcEnvironment]
	at org.springframework.beans.factory.support.AbstractAutowireCapableBeanFactory.initializeBean(AbstractAutowireCapableBeanFactory.java:1804)
	at org.springframework.beans.factory.support.AbstractAutowireCapableBeanFactory.doCreateBean(AbstractAutowireCapableBeanFactory.java:620)
	at org.springframework.beans.factory.support.AbstractAutowireCapableBeanFactory.createBean(AbstractAutowireCapableBeanFactory.java:542)
	at org.springframework.beans.factory.support.AbstractBeanFactory.lambda$doGetBean$0(AbstractBeanFactory.java:335)
	at org.springframework.beans.factory.support.DefaultSingletonBeanRegistry.getSingleton(DefaultSingletonBeanRegistry.java:234)
	at org.springframework.beans.factory.support.AbstractBeanFactory.doGetBean(AbstractBeanFactory.java:333)
	at org.springframework.beans.factory.support.AbstractBeanFactory.getBean(AbstractBeanFactory.java:208)
	at org.springframework.context.support.AbstractApplicationContext.getBean(AbstractApplicationContext.java:1154)
	at org.springframework.context.support.AbstractApplicationContext.finishBeanFactoryInitialization(AbstractApplicationContext.java:908)
	at org.springframework.context.support.AbstractApplicationContext.refresh(AbstractApplicationContext.java:583)
	at org.springframework.boot.web.servlet.context.ServletWebServerApplicationContext.refresh(ServletWebServerApplicationContext.java:147)
	at org.springframework.boot.SpringApplication.refresh(SpringApplication.java:731)
	at org.springframework.boot.SpringApplication.refreshContext(SpringApplication.java:408)
	at org.springframework.boot.SpringApplication.run(SpringApplication.java:307)
	at org.springframework.boot.SpringApplication.run(SpringApplication.java:1303)
	at org.springframework.boot.SpringApplication.run(SpringApplication.java:1292)
	at com.tasc.blogging.BloggingApplication.main(BloggingApplication.java:16)
Caused by: org.hibernate.service.spi.ServiceException: Unable to create requested service [org.hibernate.engine.jdbc.env.spi.JdbcEnvironment]
	at org.hibernate.service.internal.AbstractServiceRegistryImpl.createService(AbstractServiceRegistryImpl.java:284)
	at org.hibernate.service.internal.AbstractServiceRegistryImpl.initializeService(AbstractServiceRegistryImpl.java:246)
	at org.hibernate.service.internal.AbstractServiceRegistryImpl.getService(AbstractServiceRegistryImpl.java:223)
	at org.hibernate.id.factory.internal.DefaultIdentifierGeneratorFactory.injectServices(DefaultIdentifierGeneratorFactory.java:175)
	at org.hibernate.service.internal.AbstractServiceRegistryImpl.injectDependencies(AbstractServiceRegistryImpl.java:295)
	at org.hibernate.service.internal.AbstractServiceRegistryImpl.initializeService(AbstractServiceRegistryImpl.java:252)
	at org.hibernate.service.internal.AbstractServiceRegistryImpl.getService(AbstractServiceRegistryImpl.java:223)
	at org.hibernate.boot.internal.InFlightMetadataCollectorImpl.<init>(InFlightMetadataCollectorImpl.java:173)
	at org.hibernate.boot.model.process.spi.MetadataBuildingProcess.complete(MetadataBuildingProcess.java:127)
	at org.hibernate.jpa.boot.internal.EntityManagerFactoryBuilderImpl.metadata(EntityManagerFactoryBuilderImpl.java:1460)
	at org.hibernate.jpa.boot.internal.EntityManagerFactoryBuilderImpl.build(EntityManagerFactoryBuilderImpl.java:1494)
	at org.springframework.orm.jpa.vendor.SpringHibernateJpaPersistenceProvider.createContainerEntityManagerFactory(SpringHibernateJpaPersistenceProvider.java:58)
	at org.springframework.orm.jpa.LocalContainerEntityManagerFactoryBean.createNativeEntityManagerFactory(LocalContainerEntityManagerFactoryBean.java:365)
	at org.springframework.orm.jpa.AbstractEntityManagerFactoryBean.buildNativeEntityManagerFactory(AbstractEntityManagerFactoryBean.java:409)
	at org.springframework.orm.jpa.AbstractEntityManagerFactoryBean.afterPropertiesSet(AbstractEntityManagerFactoryBean.java:396)
	at org.springframework.orm.jpa.LocalContainerEntityManagerFactoryBean.afterPropertiesSet(LocalContainerEntityManagerFactoryBean.java:341)
	at org.springframework.beans.factory.support.AbstractAutowireCapableBeanFactory.invokeInitMethods(AbstractAutowireCapableBeanFactory.java:1863)
	at org.springframework.beans.factory.support.AbstractAutowireCapableBeanFactory.initializeBean(AbstractAutowireCapableBeanFactory.java:1800)
	... 16 common frames omitted
Caused by: org.hibernate.HibernateException: Access to DialectResolutionInfo cannot be null when 'hibernate.dialect' not set
	at org.hibernate.engine.jdbc.dialect.internal.DialectFactoryImpl.determineDialect(DialectFactoryImpl.java:100)
	at org.hibernate.engine.jdbc.dialect.internal.DialectFactoryImpl.buildDialect(DialectFactoryImpl.java:54)
	at org.hibernate.engine.jdbc.env.internal.JdbcEnvironmentInitiator.initiateService(JdbcEnvironmentInitiator.java:138)
	at org.hibernate.engine.jdbc.env.internal.JdbcEnvironmentInitiator.initiateService(JdbcEnvironmentInitiator.java:35)
	at org.hibernate.boot.registry.internal.StandardServiceRegistryImpl.initiateService(StandardServiceRegistryImpl.java:101)
	at org.hibernate.service.internal.AbstractServiceRegistryImpl.createService(AbstractServiceRegistryImpl.java:272)
	... 33 common frames omitted
2023-03-24 14:09:49 [main] INFO  c.tasc.blogging.BloggingApplication - Starting BloggingApplication using Java 11.0.17 on nghiahas-MacBook-Pro.local with PID 72625 (/Users/nghiaha/Documents/Api/blogging/build/classes/java/main started by nghiaha in /Users/nghiaha/Documents/Api/blogging)
2023-03-24 14:09:49 [main] INFO  c.tasc.blogging.BloggingApplication - No active profile set, falling back to 1 default profile: "default"
2023-03-24 14:09:51 [main] ERROR com.zaxxer.hikari.pool.HikariPool - HikariPool-1 - Exception during pool initialization.
com.mysql.cj.jdbc.exceptions.CommunicationsException: Communications link failure

The last packet sent successfully to the server was 0 milliseconds ago. The driver has not received any packets from the server.
	at com.mysql.cj.jdbc.exceptions.SQLError.createCommunicationsException(SQLError.java:174)
	at com.mysql.cj.jdbc.exceptions.SQLExceptionsMapping.translateException(SQLExceptionsMapping.java:64)
	at com.mysql.cj.jdbc.ConnectionImpl.createNewIO(ConnectionImpl.java:829)
	at com.mysql.cj.jdbc.ConnectionImpl.<init>(ConnectionImpl.java:449)
	at com.mysql.cj.jdbc.ConnectionImpl.getInstance(ConnectionImpl.java:242)
	at com.mysql.cj.jdbc.NonRegisteringDriver.connect(NonRegisteringDriver.java:198)
	at com.zaxxer.hikari.util.DriverDataSource.getConnection(DriverDataSource.java:138)
	at com.zaxxer.hikari.pool.PoolBase.newConnection(PoolBase.java:364)
	at com.zaxxer.hikari.pool.PoolBase.newPoolEntry(PoolBase.java:206)
	at com.zaxxer.hikari.pool.HikariPool.createPoolEntry(HikariPool.java:476)
	at com.zaxxer.hikari.pool.HikariPool.checkFailFast(HikariPool.java:561)
	at com.zaxxer.hikari.pool.HikariPool.<init>(HikariPool.java:115)
	at com.zaxxer.hikari.HikariDataSource.getConnection(HikariDataSource.java:112)
	at org.hibernate.engine.jdbc.connections.internal.DatasourceConnectionProviderImpl.getConnection(DatasourceConnectionProviderImpl.java:122)
	at org.hibernate.engine.jdbc.env.internal.JdbcEnvironmentInitiator$ConnectionProviderJdbcConnectionAccess.obtainConnection(JdbcEnvironmentInitiator.java:181)
	at org.hibernate.engine.jdbc.env.internal.JdbcEnvironmentInitiator.initiateService(JdbcEnvironmentInitiator.java:68)
	at org.hibernate.engine.jdbc.env.internal.JdbcEnvironmentInitiator.initiateService(JdbcEnvironmentInitiator.java:35)
	at org.hibernate.boot.registry.internal.StandardServiceRegistryImpl.initiateService(StandardServiceRegistryImpl.java:101)
	at org.hibernate.service.internal.AbstractServiceRegistryImpl.createService(AbstractServiceRegistryImpl.java:272)
	at org.hibernate.service.internal.AbstractServiceRegistryImpl.initializeService(AbstractServiceRegistryImpl.java:246)
	at org.hibernate.service.internal.AbstractServiceRegistryImpl.getService(AbstractServiceRegistryImpl.java:223)
	at org.hibernate.id.factory.internal.DefaultIdentifierGeneratorFactory.injectServices(DefaultIdentifierGeneratorFactory.java:175)
	at org.hibernate.service.internal.AbstractServiceRegistryImpl.injectDependencies(AbstractServiceRegistryImpl.java:295)
	at org.hibernate.service.internal.AbstractServiceRegistryImpl.initializeService(AbstractServiceRegistryImpl.java:252)
	at org.hibernate.service.internal.AbstractServiceRegistryImpl.getService(AbstractServiceRegistryImpl.java:223)
	at org.hibernate.boot.internal.InFlightMetadataCollectorImpl.<init>(InFlightMetadataCollectorImpl.java:173)
	at org.hibernate.boot.model.process.spi.MetadataBuildingProcess.complete(MetadataBuildingProcess.java:127)
	at org.hibernate.jpa.boot.internal.EntityManagerFactoryBuilderImpl.metadata(EntityManagerFactoryBuilderImpl.java:1460)
	at org.hibernate.jpa.boot.internal.EntityManagerFactoryBuilderImpl.build(EntityManagerFactoryBuilderImpl.java:1494)
	at org.springframework.orm.jpa.vendor.SpringHibernateJpaPersistenceProvider.createContainerEntityManagerFactory(SpringHibernateJpaPersistenceProvider.java:58)
	at org.springframework.orm.jpa.LocalContainerEntityManagerFactoryBean.createNativeEntityManagerFactory(LocalContainerEntityManagerFactoryBean.java:365)
	at org.springframework.orm.jpa.AbstractEntityManagerFactoryBean.buildNativeEntityManagerFactory(AbstractEntityManagerFactoryBean.java:409)
	at org.springframework.orm.jpa.AbstractEntityManagerFactoryBean.afterPropertiesSet(AbstractEntityManagerFactoryBean.java:396)
	at org.springframework.orm.jpa.LocalContainerEntityManagerFactoryBean.afterPropertiesSet(LocalContainerEntityManagerFactoryBean.java:341)
	at org.springframework.beans.factory.support.AbstractAutowireCapableBeanFactory.invokeInitMethods(AbstractAutowireCapableBeanFactory.java:1863)
	at org.springframework.beans.factory.support.AbstractAutowireCapableBeanFactory.initializeBean(AbstractAutowireCapableBeanFactory.java:1800)
	at org.springframework.beans.factory.support.AbstractAutowireCapableBeanFactory.doCreateBean(AbstractAutowireCapableBeanFactory.java:620)
	at org.springframework.beans.factory.support.AbstractAutowireCapableBeanFactory.createBean(AbstractAutowireCapableBeanFactory.java:542)
	at org.springframework.beans.factory.support.AbstractBeanFactory.lambda$doGetBean$0(AbstractBeanFactory.java:335)
	at org.springframework.beans.factory.support.DefaultSingletonBeanRegistry.getSingleton(DefaultSingletonBeanRegistry.java:234)
	at org.springframework.beans.factory.support.AbstractBeanFactory.doGetBean(AbstractBeanFactory.java:333)
	at org.springframework.beans.factory.support.AbstractBeanFactory.getBean(AbstractBeanFactory.java:208)
	at org.springframework.context.support.AbstractApplicationContext.getBean(AbstractApplicationContext.java:1154)
	at org.springframework.context.support.AbstractApplicationContext.finishBeanFactoryInitialization(AbstractApplicationContext.java:908)
	at org.springframework.context.support.AbstractApplicationContext.refresh(AbstractApplicationContext.java:583)
	at org.springframework.boot.web.servlet.context.ServletWebServerApplicationContext.refresh(ServletWebServerApplicationContext.java:147)
	at org.springframework.boot.SpringApplication.refresh(SpringApplication.java:731)
	at org.springframework.boot.SpringApplication.refreshContext(SpringApplication.java:408)
	at org.springframework.boot.SpringApplication.run(SpringApplication.java:307)
	at org.springframework.boot.SpringApplication.run(SpringApplication.java:1303)
	at org.springframework.boot.SpringApplication.run(SpringApplication.java:1292)
	at com.tasc.blogging.BloggingApplication.main(BloggingApplication.java:16)
Caused by: com.mysql.cj.exceptions.CJCommunicationsException: Communications link failure

The last packet sent successfully to the server was 0 milliseconds ago. The driver has not received any packets from the server.
	at java.base/jdk.internal.reflect.NativeConstructorAccessorImpl.newInstance0(Native Method)
	at java.base/jdk.internal.reflect.NativeConstructorAccessorImpl.newInstance(NativeConstructorAccessorImpl.java:62)
	at java.base/jdk.internal.reflect.DelegatingConstructorAccessorImpl.newInstance(DelegatingConstructorAccessorImpl.java:45)
	at java.base/java.lang.reflect.Constructor.newInstance(Constructor.java:490)
	at com.mysql.cj.exceptions.ExceptionFactory.createException(ExceptionFactory.java:61)
	at com.mysql.cj.exceptions.ExceptionFactory.createException(ExceptionFactory.java:105)
	at com.mysql.cj.exceptions.ExceptionFactory.createException(ExceptionFactory.java:151)
	at com.mysql.cj.exceptions.ExceptionFactory.createCommunicationsException(ExceptionFactory.java:167)
	at com.mysql.cj.protocol.a.NativeSocketConnection.connect(NativeSocketConnection.java:89)
	at com.mysql.cj.NativeSession.connect(NativeSession.java:120)
	at com.mysql.cj.jdbc.ConnectionImpl.connectOneTryOnly(ConnectionImpl.java:949)
	at com.mysql.cj.jdbc.ConnectionImpl.createNewIO(ConnectionImpl.java:819)
	... 49 common frames omitted
Caused by: java.net.ConnectException: Connection refused (Connection refused)
	at java.base/java.net.PlainSocketImpl.socketConnect(Native Method)
	at java.base/java.net.AbstractPlainSocketImpl.doConnect(AbstractPlainSocketImpl.java:412)
	at java.base/java.net.AbstractPlainSocketImpl.connectToAddress(AbstractPlainSocketImpl.java:255)
	at java.base/java.net.AbstractPlainSocketImpl.connect(AbstractPlainSocketImpl.java:237)
	at java.base/java.net.SocksSocketImpl.connect(SocksSocketImpl.java:392)
	at java.base/java.net.Socket.connect(Socket.java:608)
	at com.mysql.cj.protocol.StandardSocketFactory.connect(StandardSocketFactory.java:156)
	at com.mysql.cj.protocol.a.NativeSocketConnection.connect(NativeSocketConnection.java:63)
	... 52 common frames omitted
2023-03-24 14:09:51 [main] ERROR o.s.o.j.LocalContainerEntityManagerFactoryBean - Failed to initialize JPA EntityManagerFactory: Unable to create requested service [org.hibernate.engine.jdbc.env.spi.JdbcEnvironment]
2023-03-24 14:09:51 [main] ERROR o.s.boot.SpringApplication - Application run failed
org.springframework.beans.factory.BeanCreationException: Error creating bean with name 'entityManagerFactory' defined in class path resource [org/springframework/boot/autoconfigure/orm/jpa/HibernateJpaConfiguration.class]: Invocation of init method failed; nested exception is org.hibernate.service.spi.ServiceException: Unable to create requested service [org.hibernate.engine.jdbc.env.spi.JdbcEnvironment]
	at org.springframework.beans.factory.support.AbstractAutowireCapableBeanFactory.initializeBean(AbstractAutowireCapableBeanFactory.java:1804)
	at org.springframework.beans.factory.support.AbstractAutowireCapableBeanFactory.doCreateBean(AbstractAutowireCapableBeanFactory.java:620)
	at org.springframework.beans.factory.support.AbstractAutowireCapableBeanFactory.createBean(AbstractAutowireCapableBeanFactory.java:542)
	at org.springframework.beans.factory.support.AbstractBeanFactory.lambda$doGetBean$0(AbstractBeanFactory.java:335)
	at org.springframework.beans.factory.support.DefaultSingletonBeanRegistry.getSingleton(DefaultSingletonBeanRegistry.java:234)
	at org.springframework.beans.factory.support.AbstractBeanFactory.doGetBean(AbstractBeanFactory.java:333)
	at org.springframework.beans.factory.support.AbstractBeanFactory.getBean(AbstractBeanFactory.java:208)
	at org.springframework.context.support.AbstractApplicationContext.getBean(AbstractApplicationContext.java:1154)
	at org.springframework.context.support.AbstractApplicationContext.finishBeanFactoryInitialization(AbstractApplicationContext.java:908)
	at org.springframework.context.support.AbstractApplicationContext.refresh(AbstractApplicationContext.java:583)
	at org.springframework.boot.web.servlet.context.ServletWebServerApplicationContext.refresh(ServletWebServerApplicationContext.java:147)
	at org.springframework.boot.SpringApplication.refresh(SpringApplication.java:731)
	at org.springframework.boot.SpringApplication.refreshContext(SpringApplication.java:408)
	at org.springframework.boot.SpringApplication.run(SpringApplication.java:307)
	at org.springframework.boot.SpringApplication.run(SpringApplication.java:1303)
	at org.springframework.boot.SpringApplication.run(SpringApplication.java:1292)
	at com.tasc.blogging.BloggingApplication.main(BloggingApplication.java:16)
Caused by: org.hibernate.service.spi.ServiceException: Unable to create requested service [org.hibernate.engine.jdbc.env.spi.JdbcEnvironment]
	at org.hibernate.service.internal.AbstractServiceRegistryImpl.createService(AbstractServiceRegistryImpl.java:284)
	at org.hibernate.service.internal.AbstractServiceRegistryImpl.initializeService(AbstractServiceRegistryImpl.java:246)
	at org.hibernate.service.internal.AbstractServiceRegistryImpl.getService(AbstractServiceRegistryImpl.java:223)
	at org.hibernate.id.factory.internal.DefaultIdentifierGeneratorFactory.injectServices(DefaultIdentifierGeneratorFactory.java:175)
	at org.hibernate.service.internal.AbstractServiceRegistryImpl.injectDependencies(AbstractServiceRegistryImpl.java:295)
	at org.hibernate.service.internal.AbstractServiceRegistryImpl.initializeService(AbstractServiceRegistryImpl.java:252)
	at org.hibernate.service.internal.AbstractServiceRegistryImpl.getService(AbstractServiceRegistryImpl.java:223)
	at org.hibernate.boot.internal.InFlightMetadataCollectorImpl.<init>(InFlightMetadataCollectorImpl.java:173)
	at org.hibernate.boot.model.process.spi.MetadataBuildingProcess.complete(MetadataBuildingProcess.java:127)
	at org.hibernate.jpa.boot.internal.EntityManagerFactoryBuilderImpl.metadata(EntityManagerFactoryBuilderImpl.java:1460)
	at org.hibernate.jpa.boot.internal.EntityManagerFactoryBuilderImpl.build(EntityManagerFactoryBuilderImpl.java:1494)
	at org.springframework.orm.jpa.vendor.SpringHibernateJpaPersistenceProvider.createContainerEntityManagerFactory(SpringHibernateJpaPersistenceProvider.java:58)
	at org.springframework.orm.jpa.LocalContainerEntityManagerFactoryBean.createNativeEntityManagerFactory(LocalContainerEntityManagerFactoryBean.java:365)
	at org.springframework.orm.jpa.AbstractEntityManagerFactoryBean.buildNativeEntityManagerFactory(AbstractEntityManagerFactoryBean.java:409)
	at org.springframework.orm.jpa.AbstractEntityManagerFactoryBean.afterPropertiesSet(AbstractEntityManagerFactoryBean.java:396)
	at org.springframework.orm.jpa.LocalContainerEntityManagerFactoryBean.afterPropertiesSet(LocalContainerEntityManagerFactoryBean.java:341)
	at org.springframework.beans.factory.support.AbstractAutowireCapableBeanFactory.invokeInitMethods(AbstractAutowireCapableBeanFactory.java:1863)
	at org.springframework.beans.factory.support.AbstractAutowireCapableBeanFactory.initializeBean(AbstractAutowireCapableBeanFactory.java:1800)
	... 16 common frames omitted
Caused by: org.hibernate.HibernateException: Access to DialectResolutionInfo cannot be null when 'hibernate.dialect' not set
	at org.hibernate.engine.jdbc.dialect.internal.DialectFactoryImpl.determineDialect(DialectFactoryImpl.java:100)
	at org.hibernate.engine.jdbc.dialect.internal.DialectFactoryImpl.buildDialect(DialectFactoryImpl.java:54)
	at org.hibernate.engine.jdbc.env.internal.JdbcEnvironmentInitiator.initiateService(JdbcEnvironmentInitiator.java:138)
	at org.hibernate.engine.jdbc.env.internal.JdbcEnvironmentInitiator.initiateService(JdbcEnvironmentInitiator.java:35)
	at org.hibernate.boot.registry.internal.StandardServiceRegistryImpl.initiateService(StandardServiceRegistryImpl.java:101)
	at org.hibernate.service.internal.AbstractServiceRegistryImpl.createService(AbstractServiceRegistryImpl.java:272)
	... 33 common frames omitted
2023-03-29 14:19:20 [main] INFO  c.tasc.blogging.BloggingApplication - Starting BloggingApplication using Java 11.0.17 on nghiahas-MacBook-Pro.local with PID 51964 (/Users/nghiaha/Documents/Api/blogging/build/classes/java/main started by nghiaha in /Users/nghiaha/Documents/Api/blogging)
2023-03-29 14:19:20 [main] INFO  c.tasc.blogging.BloggingApplication - No active profile set, falling back to 1 default profile: "default"
2023-03-29 14:19:22 [main] INFO  com.tasc.blogging.aop.LoggingAspect - Entering passwordEncoder
2023-03-29 14:19:22 [main] INFO  com.tasc.blogging.aop.LoggingAspect - Result of passwordEncoder is: org.springframework.security.crypto.bcrypt.BCryptPasswordEncoder@40ecead5
2023-03-29 14:19:22 [main] INFO  com.tasc.blogging.aop.LoggingAspect - Exiting passwordEncoder
2023-03-29 14:19:23 [main] ERROR o.s.b.d.LoggingFailureAnalysisReporter - 

***************************
APPLICATION FAILED TO START
***************************

Description:

Web server failed to start. Port 8080 was already in use.

Action:

Identify and stop the process that's listening on port 8080 or configure this application to listen on another port.

2023-03-29 14:19:50 [main] INFO  c.tasc.blogging.BloggingApplication - Starting BloggingApplication using Java 11.0.17 on nghiahas-MacBook-Pro.local with PID 52020 (/Users/nghiaha/Documents/Api/blogging/build/classes/java/main started by nghiaha in /Users/nghiaha/Documents/Api/blogging)
2023-03-29 14:19:50 [main] INFO  c.tasc.blogging.BloggingApplication - No active profile set, falling back to 1 default profile: "default"
2023-03-29 14:19:51 [main] INFO  com.tasc.blogging.aop.LoggingAspect - Entering passwordEncoder
2023-03-29 14:19:51 [main] INFO  com.tasc.blogging.aop.LoggingAspect - Result of passwordEncoder is: org.springframework.security.crypto.bcrypt.BCryptPasswordEncoder@6d5fea64
2023-03-29 14:19:51 [main] INFO  com.tasc.blogging.aop.LoggingAspect - Exiting passwordEncoder
2023-03-29 14:19:52 [main] INFO  c.tasc.blogging.BloggingApplication - Started BloggingApplication in 2.551 seconds (JVM running for 2.913)
2023-03-29 14:20:15 [http-nio-8080-exec-3] INFO  c.tasc.blogging.service.UserService - 1 - Login request: LoginRequest(email=hacodern@gmail.com, password=123)
2023-03-29 14:20:15 [http-nio-8080-exec-3] INFO  c.tasc.blogging.service.UserService - 1.1 - Validate login request username: hacodern@gmail.com
2023-03-29 14:20:15 [http-nio-8080-exec-3] INFO  c.tasc.blogging.service.UserService - 1.2 - Validate login request password: 123
2023-03-29 14:20:15 [http-nio-8080-exec-3] INFO  c.tasc.blogging.service.UserService - 2 - Find user by email: hacodern@gmail.com
2023-03-29 14:20:16 [http-nio-8080-exec-3] INFO  c.tasc.blogging.service.UserService - 2.1 - Check user is empty or not
2023-03-29 14:20:16 [http-nio-8080-exec-3] INFO  c.tasc.blogging.service.UserService - 3 - Check password
2023-03-29 14:20:16 [http-nio-8080-exec-3] INFO  c.tasc.blogging.service.UserService - 4 - Generate credential
2023-03-29 14:20:22 [http-nio-8080-exec-4] INFO  c.tasc.blogging.service.BlogService - 1 - Find all blogs with page 0 and size 1000
2023-03-29 14:20:26 [http-nio-8080-exec-5] INFO  c.tasc.blogging.service.BlogService - 1 - Find all blogs with page 0 and size 1000
2023-03-29 14:23:33 [main] INFO  c.tasc.blogging.BloggingApplication - Starting BloggingApplication using Java 11.0.17 on nghiahas-MacBook-Pro.local with PID 52332 (/Users/nghiaha/Documents/Api/blogging/build/classes/java/main started by nghiaha in /Users/nghiaha/Documents/Api/blogging)
2023-03-29 14:23:33 [main] INFO  c.tasc.blogging.BloggingApplication - No active profile set, falling back to 1 default profile: "default"
2023-03-29 14:23:35 [main] INFO  com.tasc.blogging.aop.LoggingAspect - Entering passwordEncoder
2023-03-29 14:23:35 [main] INFO  com.tasc.blogging.aop.LoggingAspect - Result of passwordEncoder is: org.springframework.security.crypto.bcrypt.BCryptPasswordEncoder@6d514259
2023-03-29 14:23:35 [main] INFO  com.tasc.blogging.aop.LoggingAspect - Exiting passwordEncoder
2023-03-29 14:23:35 [main] INFO  c.tasc.blogging.BloggingApplication - Started BloggingApplication in 2.775 seconds (JVM running for 3.254)
2023-03-29 14:23:59 [http-nio-8080-exec-3] INFO  c.tasc.blogging.service.BlogService - 1 - Find all blogs with page 0 and size 1000
2023-03-29 14:24:05 [http-nio-8080-exec-4] INFO  c.tasc.blogging.service.BlogService - 1 - Find all blogs with page 0 and size 1000
2023-03-29 14:25:23 [main] INFO  c.tasc.blogging.BloggingApplication - Starting BloggingApplication using Java 11.0.17 on nghiahas-MacBook-Pro.local with PID 52447 (/Users/nghiaha/Documents/Api/blogging/build/classes/java/main started by nghiaha in /Users/nghiaha/Documents/Api/blogging)
2023-03-29 14:25:23 [main] INFO  c.tasc.blogging.BloggingApplication - No active profile set, falling back to 1 default profile: "default"
2023-03-29 14:25:25 [main] INFO  com.tasc.blogging.aop.LoggingAspect - Entering passwordEncoder
2023-03-29 14:25:25 [main] INFO  com.tasc.blogging.aop.LoggingAspect - Result of passwordEncoder is: org.springframework.security.crypto.bcrypt.BCryptPasswordEncoder@28ffa527
2023-03-29 14:25:25 [main] INFO  com.tasc.blogging.aop.LoggingAspect - Exiting passwordEncoder
2023-03-29 14:25:26 [main] INFO  c.tasc.blogging.BloggingApplication - Started BloggingApplication in 2.823 seconds (JVM running for 3.12)
2023-03-29 14:25:30 [http-nio-8080-exec-1] INFO  c.tasc.blogging.service.BlogService - 1 - Find all blogs with page 0 and size 1000
2023-03-29 14:25:32 [http-nio-8080-exec-3] INFO  c.tasc.blogging.service.BlogService - 1 - Find all blogs with page 0 and size 1000
2023-03-29 14:25:52 [http-nio-8080-exec-4] INFO  c.tasc.blogging.service.BlogService - 1 - Find all blogs with page 0 and size 1000
2023-03-29 14:26:12 [main] INFO  c.tasc.blogging.BloggingApplication - Starting BloggingApplication using Java 11.0.17 on nghiahas-MacBook-Pro.local with PID 52508 (/Users/nghiaha/Documents/Api/blogging/build/classes/java/main started by nghiaha in /Users/nghiaha/Documents/Api/blogging)
2023-03-29 14:26:12 [main] INFO  c.tasc.blogging.BloggingApplication - No active profile set, falling back to 1 default profile: "default"
2023-03-29 14:26:14 [main] INFO  com.tasc.blogging.aop.LoggingAspect - Entering passwordEncoder
2023-03-29 14:26:14 [main] INFO  com.tasc.blogging.aop.LoggingAspect - Result of passwordEncoder is: org.springframework.security.crypto.bcrypt.BCryptPasswordEncoder@5e1bfe66
2023-03-29 14:26:14 [main] INFO  com.tasc.blogging.aop.LoggingAspect - Exiting passwordEncoder
2023-03-29 14:26:15 [main] INFO  c.tasc.blogging.BloggingApplication - Started BloggingApplication in 2.598 seconds (JVM running for 3.17)
2023-03-29 14:26:18 [http-nio-8080-exec-2] INFO  c.tasc.blogging.service.BlogService - 1 - Find all blogs with page 0 and size 1000
2023-03-29 14:26:20 [http-nio-8080-exec-3] INFO  c.tasc.blogging.service.BlogService - 1 - Find all blogs with page 0 and size 1000
2023-03-29 14:27:34 [main] INFO  c.tasc.blogging.BloggingApplication - Starting BloggingApplication using Java 11.0.17 on nghiahas-MacBook-Pro.local with PID 52589 (/Users/nghiaha/Documents/Api/blogging/build/classes/java/main started by nghiaha in /Users/nghiaha/Documents/Api/blogging)
2023-03-29 14:27:34 [main] INFO  c.tasc.blogging.BloggingApplication - No active profile set, falling back to 1 default profile: "default"
2023-03-29 14:27:36 [main] INFO  com.tasc.blogging.aop.LoggingAspect - Entering passwordEncoder
2023-03-29 14:27:36 [main] INFO  com.tasc.blogging.aop.LoggingAspect - Result of passwordEncoder is: org.springframework.security.crypto.bcrypt.BCryptPasswordEncoder@4a7427f9
2023-03-29 14:27:36 [main] INFO  com.tasc.blogging.aop.LoggingAspect - Exiting passwordEncoder
2023-03-29 14:27:37 [main] INFO  c.tasc.blogging.BloggingApplication - Started BloggingApplication in 2.469 seconds (JVM running for 2.829)
2023-03-29 14:27:40 [http-nio-8080-exec-1] INFO  c.tasc.blogging.service.BlogService - 1 - Find all blogs with page 0 and size 1000
2023-03-29 14:27:45 [http-nio-8080-exec-3] INFO  c.tasc.blogging.service.BlogService - 1 - Find all blogs with page 0 and size 1000
2023-03-29 14:28:17 [main] INFO  c.tasc.blogging.BloggingApplication - Starting BloggingApplication using Java 11.0.17 on nghiahas-MacBook-Pro.local with PID 52655 (/Users/nghiaha/Documents/Api/blogging/build/classes/java/main started by nghiaha in /Users/nghiaha/Documents/Api/blogging)
2023-03-29 14:28:17 [main] INFO  c.tasc.blogging.BloggingApplication - No active profile set, falling back to 1 default profile: "default"
2023-03-29 14:28:19 [main] INFO  com.tasc.blogging.aop.LoggingAspect - Entering passwordEncoder
2023-03-29 14:28:19 [main] INFO  com.tasc.blogging.aop.LoggingAspect - Result of passwordEncoder is: org.springframework.security.crypto.bcrypt.BCryptPasswordEncoder@3dfaa1e4
2023-03-29 14:28:19 [main] INFO  com.tasc.blogging.aop.LoggingAspect - Exiting passwordEncoder
2023-03-29 14:28:20 [main] INFO  c.tasc.blogging.BloggingApplication - Started BloggingApplication in 2.791 seconds (JVM running for 3.361)
2023-03-29 14:28:46 [main] INFO  c.tasc.blogging.BloggingApplication - Starting BloggingApplication using Java 11.0.17 on nghiahas-MacBook-Pro.local with PID 52699 (/Users/nghiaha/Documents/Api/blogging/build/classes/java/main started by nghiaha in /Users/nghiaha/Documents/Api/blogging)
2023-03-29 14:28:46 [main] INFO  c.tasc.blogging.BloggingApplication - No active profile set, falling back to 1 default profile: "default"
2023-03-29 14:28:49 [main] INFO  com.tasc.blogging.aop.LoggingAspect - Entering passwordEncoder
2023-03-29 14:28:49 [main] INFO  com.tasc.blogging.aop.LoggingAspect - Result of passwordEncoder is: org.springframework.security.crypto.bcrypt.BCryptPasswordEncoder@22e650e
2023-03-29 14:28:49 [main] INFO  com.tasc.blogging.aop.LoggingAspect - Exiting passwordEncoder
2023-03-29 14:28:50 [main] INFO  c.tasc.blogging.BloggingApplication - Started BloggingApplication in 3.407 seconds (JVM running for 3.688)
2023-03-29 14:29:04 [main] INFO  c.tasc.blogging.BloggingApplication - Starting BloggingApplication using Java 11.0.17 on nghiahas-MacBook-Pro.local with PID 52731 (/Users/nghiaha/Documents/Api/blogging/build/classes/java/main started by nghiaha in /Users/nghiaha/Documents/Api/blogging)
2023-03-29 14:29:04 [main] INFO  c.tasc.blogging.BloggingApplication - No active profile set, falling back to 1 default profile: "default"
2023-03-29 14:29:06 [main] INFO  com.tasc.blogging.aop.LoggingAspect - Entering passwordEncoder
2023-03-29 14:29:06 [main] INFO  com.tasc.blogging.aop.LoggingAspect - Result of passwordEncoder is: org.springframework.security.crypto.bcrypt.BCryptPasswordEncoder@3b171fbd
2023-03-29 14:29:06 [main] INFO  com.tasc.blogging.aop.LoggingAspect - Exiting passwordEncoder
2023-03-29 14:29:07 [main] INFO  c.tasc.blogging.BloggingApplication - Started BloggingApplication in 3.306 seconds (JVM running for 3.588)
2023-03-29 14:29:22 [main] INFO  c.tasc.blogging.BloggingApplication - Starting BloggingApplication using Java 11.0.17 on nghiahas-MacBook-Pro.local with PID 52759 (/Users/nghiaha/Documents/Api/blogging/build/classes/java/main started by nghiaha in /Users/nghiaha/Documents/Api/blogging)
2023-03-29 14:29:22 [main] INFO  c.tasc.blogging.BloggingApplication - No active profile set, falling back to 1 default profile: "default"
2023-03-29 14:29:24 [main] INFO  com.tasc.blogging.aop.LoggingAspect - Entering passwordEncoder
2023-03-29 14:29:24 [main] INFO  com.tasc.blogging.aop.LoggingAspect - Result of passwordEncoder is: org.springframework.security.crypto.bcrypt.BCryptPasswordEncoder@d4dbb34
2023-03-29 14:29:24 [main] INFO  com.tasc.blogging.aop.LoggingAspect - Exiting passwordEncoder
2023-03-29 14:29:25 [main] INFO  c.tasc.blogging.BloggingApplication - Started BloggingApplication in 3.277 seconds (JVM running for 3.648)
2023-03-29 14:32:35 [main] INFO  c.tasc.blogging.BloggingApplication - Starting BloggingApplication using Java 11.0.17 on nghiahas-MacBook-Pro.local with PID 52977 (/Users/nghiaha/Documents/Api/blogging/build/classes/java/main started by nghiaha in /Users/nghiaha/Documents/Api/blogging)
2023-03-29 14:32:35 [main] INFO  c.tasc.blogging.BloggingApplication - No active profile set, falling back to 1 default profile: "default"
2023-03-29 14:32:36 [main] INFO  com.tasc.blogging.aop.LoggingAspect - Entering passwordEncoder
2023-03-29 14:32:36 [main] INFO  com.tasc.blogging.aop.LoggingAspect - Result of passwordEncoder is: org.springframework.security.crypto.bcrypt.BCryptPasswordEncoder@213bd66a
2023-03-29 14:32:36 [main] INFO  com.tasc.blogging.aop.LoggingAspect - Exiting passwordEncoder
2023-03-29 14:32:37 [main] INFO  c.tasc.blogging.BloggingApplication - Started BloggingApplication in 2.63 seconds (JVM running for 3.072)
2023-03-29 14:34:06 [main] INFO  c.tasc.blogging.BloggingApplication - Starting BloggingApplication using Java 11.0.17 on nghiahas-MacBook-Pro.local with PID 53087 (/Users/nghiaha/Documents/Api/blogging/build/classes/java/main started by nghiaha in /Users/nghiaha/Documents/Api/blogging)
2023-03-29 14:34:06 [main] INFO  c.tasc.blogging.BloggingApplication - No active profile set, falling back to 1 default profile: "default"
2023-03-29 14:34:08 [main] INFO  com.tasc.blogging.aop.LoggingAspect - Entering passwordEncoder
2023-03-29 14:34:08 [main] INFO  com.tasc.blogging.aop.LoggingAspect - Result of passwordEncoder is: org.springframework.security.crypto.bcrypt.BCryptPasswordEncoder@5d10e2b6
2023-03-29 14:34:08 [main] INFO  com.tasc.blogging.aop.LoggingAspect - Exiting passwordEncoder
2023-03-29 14:34:09 [main] INFO  c.tasc.blogging.BloggingApplication - Started BloggingApplication in 2.652 seconds (JVM running for 3.106)
2023-03-29 14:35:13 [main] INFO  c.tasc.blogging.BloggingApplication - Starting BloggingApplication using Java 11.0.17 on nghiahas-MacBook-Pro.local with PID 53210 (/Users/nghiaha/Documents/Api/blogging/build/classes/java/main started by nghiaha in /Users/nghiaha/Documents/Api/blogging)
2023-03-29 14:35:13 [main] INFO  c.tasc.blogging.BloggingApplication - No active profile set, falling back to 1 default profile: "default"
2023-03-29 14:35:15 [main] INFO  com.tasc.blogging.aop.LoggingAspect - Entering passwordEncoder
2023-03-29 14:35:15 [main] INFO  com.tasc.blogging.aop.LoggingAspect - Result of passwordEncoder is: org.springframework.security.crypto.bcrypt.BCryptPasswordEncoder@7f6936cc
2023-03-29 14:35:15 [main] INFO  com.tasc.blogging.aop.LoggingAspect - Exiting passwordEncoder
2023-03-29 14:35:15 [main] INFO  com.tasc.blogging.aop.LoggingAspect - Entering cacheManager
2023-03-29 14:35:15 [main] INFO  com.tasc.blogging.aop.LoggingAspect - Result of cacheManager is: org.springframework.cache.concurrent.ConcurrentMapCacheManager@1e5921ec
2023-03-29 14:35:15 [main] INFO  com.tasc.blogging.aop.LoggingAspect - Exiting cacheManager
2023-03-29 14:35:16 [main] INFO  c.tasc.blogging.BloggingApplication - Started BloggingApplication in 3.178 seconds (JVM running for 3.491)
2023-03-29 14:35:17 [http-nio-8080-exec-2] INFO  c.tasc.blogging.service.BlogService - 1 - Find all blogs with page 0 and size 10
2023-03-29 14:35:22 [http-nio-8080-exec-3] INFO  c.tasc.blogging.service.BlogService - 1 - Find all blogs with page 0 and size 1000
2023-03-29 14:37:08 [http-nio-8080-exec-9] INFO  c.tasc.blogging.service.BlogService - 1 - Find blog by id: 1
2023-03-29 14:37:08 [http-nio-8080-exec-9] ERROR c.tasc.blogging.service.BlogService - Blog not found
2023-03-29 14:37:12 [http-nio-8080-exec-10] INFO  c.tasc.blogging.service.BlogService - 1 - Find blog by id: 2
2023-03-29 14:37:12 [http-nio-8080-exec-10] INFO  c.tasc.blogging.service.BlogService - 2 - Check user is owner of blog
2023-03-29 14:37:12 [http-nio-8080-exec-10] INFO  c.t.blogging.service.CommentService - 4.1 - Decode access token: eyJ0eXAiOiJKV1QiLCJhbGciOiJIUzI1NiJ9.eyJzdWIiOiJoYWNvZGVybkBnbWFpbC5jb20iLCJyb2xlIjoiREVGQVVMVCIsImlzcyI6Ii9hcGkvdjEvdXNlci9sb2dpbiIsImV4cCI6MTY4MDY3OTIxNn0.Ksqpwq1zJb-EXTIZveu0RDc6ZHI79Z8Ho63Z0oebiIo
2023-03-29 14:37:12 [http-nio-8080-exec-10] INFO  c.t.blogging.service.CommentService - 4.2 - Get user email from access token
2023-03-29 14:37:12 [http-nio-8080-exec-10] INFO  c.t.blogging.service.CommentService - 4.3 - Get user from email: hacodern@gmail.com
2023-03-29 14:38:12 [main] INFO  c.tasc.blogging.BloggingApplication - Starting BloggingApplication using Java 11.0.17 on nghiahas-MacBook-Pro.local with PID 53400 (/Users/nghiaha/Documents/Api/blogging/build/classes/java/main started by nghiaha in /Users/nghiaha/Documents/Api/blogging)
2023-03-29 14:38:12 [main] INFO  c.tasc.blogging.BloggingApplication - No active profile set, falling back to 1 default profile: "default"
2023-03-29 14:38:14 [main] INFO  com.tasc.blogging.aop.LoggingAspect - Entering passwordEncoder
2023-03-29 14:38:14 [main] INFO  com.tasc.blogging.aop.LoggingAspect - Result of passwordEncoder is: org.springframework.security.crypto.bcrypt.BCryptPasswordEncoder@a165c11
2023-03-29 14:38:14 [main] INFO  com.tasc.blogging.aop.LoggingAspect - Exiting passwordEncoder
2023-03-29 14:38:14 [main] INFO  com.tasc.blogging.aop.LoggingAspect - Entering cacheManager
2023-03-29 14:38:14 [main] INFO  com.tasc.blogging.aop.LoggingAspect - Result of cacheManager is: org.springframework.cache.concurrent.ConcurrentMapCacheManager@23f9d0ce
2023-03-29 14:38:14 [main] INFO  com.tasc.blogging.aop.LoggingAspect - Exiting cacheManager
2023-03-29 14:38:15 [main] INFO  c.tasc.blogging.BloggingApplication - Started BloggingApplication in 3.101 seconds (JVM running for 3.613)
2023-03-29 14:38:17 [http-nio-8080-exec-2] INFO  c.tasc.blogging.service.BlogService - 1 - Find blog by id: 2
2023-03-29 14:38:17 [http-nio-8080-exec-2] INFO  c.tasc.blogging.service.BlogService - 2 - Check user is owner of blog
2023-03-29 14:38:17 [http-nio-8080-exec-2] INFO  c.t.blogging.service.CommentService - 4.1 - Decode access token: eyJ0eXAiOiJKV1QiLCJhbGciOiJIUzI1NiJ9.eyJzdWIiOiJoYWNvZGVybkBnbWFpbC5jb20iLCJyb2xlIjoiREVGQVVMVCIsImlzcyI6Ii9hcGkvdjEvdXNlci9sb2dpbiIsImV4cCI6MTY4MDY3OTIxNn0.Ksqpwq1zJb-EXTIZveu0RDc6ZHI79Z8Ho63Z0oebiIo
2023-03-29 14:38:17 [http-nio-8080-exec-2] INFO  c.t.blogging.service.CommentService - 4.2 - Get user email from access token
2023-03-29 14:38:17 [http-nio-8080-exec-2] INFO  c.t.blogging.service.CommentService - 4.3 - Get user from email: hacodern@gmail.com
2023-03-29 14:38:22 [http-nio-8080-exec-3] INFO  c.tasc.blogging.service.BlogService - 1 - Find all blogs with page 0 and size 1000
